#
# A fatal error has been detected by the Java Runtime Environment:
#
#  EXCEPTION_ACCESS_VIOLATION (0xc0000005) at pc=0x00007ffcc427361a, pid=7744, tid=8616
#
# JRE version: Java(TM) SE Runtime Environment (8.0_11-b12) (build 1.8.0_11-b12)
# Java VM: Java HotSpot(TM) 64-Bit Server VM (25.11-b03 mixed mode windows-amd64 compressed oops)
# Problematic frame:
# C  [ntdll.dll+0x6361a]
#
# Failed to write core dump. Minidumps are not enabled by default on client versions of Windows
#
# If you would like to submit a bug report, please visit:
#   http://bugreport.sun.com/bugreport/crash.jsp
# The crash happened outside the Java Virtual Machine in native code.
# See problematic frame for where to report the bug.
#

---------------  T H R E A D  ---------------

Current thread (0x0000000016d32000):  JavaThread "Thread-2" [_thread_in_native, id=8616, stack(0x00000000195e0000,0x00000000196e0000)]

siginfo: ExceptionCode=0xc0000005, writing address 0x0000000000000024

Registers:
RAX=0x0000000000000000, RBX=0x00000000010a4e88, RCX=0x00000000fffffffc, RDX=0x00000000000005bc
RSP=0x00000000196de5a0, RBP=0x00007ff7e5c50000, RSI=0x00000000000005bc, RDI=0x0000000000000000
R8 =0xffffffffffffffff, R9 =0x00007ff7e5c50000, R10=0x0000000000000000, R11=0x0000000000000246
R12=0x0000000000000000, R13=0x0000000000000000, R14=0x0000000000000000, R15=0x0000000000000000
RIP=0x00007ffcc427361a, EFLAGS=0x0000000000010213

Top of Stack: (sp=0x00000000196de5a0)
0x00000000196de5a0:   00000000000005bc 0000000016d32000
0x00000000196de5b0:   00000000196de838 0000000014d58a38
0x00000000196de5c0:   0000000000000000 0000000016d321e0
0x00000000196de5d0:   00000000196de6c8 0000000016d32000
0x00000000196de5e0:   0000000000000000 0000000059d35561
0x00000000196de5f0:   0000000000000058 0000000000000000
0x00000000196de600:   00000000196de690 0000000059c7b4af
0x00000000196de610:   0000000016d32000 00000000000000b2
0x00000000196de620:   000040b6d2e8b940 000000000000000e
0x00000000196de630:   0000000000000004 0000000000000001
0x00000000196de640:   0000000014d58a38 000000007ffe0372
0x00000000196de650:   0000000000000000 0000000000000000
0x00000000196de660:   00007ff7e5c50000 00007ffcc4240564
0x00000000196de670:   0000000016d32000 00000000196de510
0x00000000196de680:   00000000010a4e88 0000000059957937
0x00000000196de690:   0000000000000000 0000000000000000 

Instructions: (pc=0x00007ffcc427361a)
0x00007ffcc42735fa:   a8 01 0f 85 bd 00 00 00 8b c8 41 2b ce f0 0f b1
0x00007ffcc427360a:   4b 08 75 e9 48 8b 03 45 33 f6 48 83 f8 ff 74 03
0x00007ffcc427361a:   ff 40 24 41 bf 82 03 fe 7f 41 8a 0f 84 c9 0f 85
0x00007ffcc427362a:   36 ac 05 00 48 83 fe ff 0f 84 8b ac 05 00 4c 8b 


Register to memory mapping:

RAX=0x0000000000000000 is an unknown value
RBX=0x00000000010a4e88 is an unknown value
RCX=0x00000000fffffffc is an unallocated location in the heap
RDX=0x00000000000005bc is an unknown value
RSP=0x00000000196de5a0 is pointing into the stack for thread: 0x0000000016d32000
RBP=0x00007ff7e5c50000 is an unknown value
RSI=0x00000000000005bc is an unknown value
RDI=0x0000000000000000 is an unknown value
R8 =0xffffffffffffffff is an unknown value
R9 =0x00007ff7e5c50000 is an unknown value
R10=0x0000000000000000 is an unknown value
R11=0x0000000000000246 is an unknown value
R12=0x0000000000000000 is an unknown value
R13=0x0000000000000000 is an unknown value
R14=0x0000000000000000 is an unknown value
R15=0x0000000000000000 is an unknown value


Stack: [0x00000000195e0000,0x00000000196e0000],  sp=0x00000000196de5a0,  free space=1017k
Native frames: (J=compiled Java code, j=interpreted, Vv=VM code, C=native code)
C  [ntdll.dll+0x6361a]
C  [ntdll.dll+0x30564]
C  0x00007ffcb1445c38

Java frames: (J=compiled Java code, j=interpreted, Vv=VM code)
j  sun.java2d.d3d.D3DSurfaceData.initOps(III)V+0
j  sun.java2d.d3d.D3DSurfaceData.<init>(Lsun/awt/windows/WComponentPeer;Lsun/java2d/d3d/D3DGraphicsConfig;IILjava/awt/Image;Ljava/awt/image/ColorModel;IILsun/java2d/pipe/hw/ExtendedBufferCapabilities$VSyncType;I)V+76
j  sun.java2d.d3d.D3DSurfaceData.createData(Lsun/java2d/d3d/D3DGraphicsConfig;IILjava/awt/image/ColorModel;Ljava/awt/Image;I)Lsun/java2d/d3d/D3DSurfaceData;+70
j  sun.java2d.d3d.D3DGraphicsConfig.createManagedSurface(III)Lsun/java2d/SurfaceData;+10
j  sun.java2d.d3d.D3DSurfaceDataProxy.validateSurfaceData(Lsun/java2d/SurfaceData;Lsun/java2d/SurfaceData;II)Lsun/java2d/SurfaceData;+22
J 1022 C1 sun.java2d.SurfaceDataProxy.replaceData(Lsun/java2d/SurfaceData;ILsun/java2d/loops/CompositeType;Ljava/awt/Color;)Lsun/java2d/SurfaceData; (329 bytes) @ 0x0000000002ef006c [0x0000000002eef720+0x94c]
J 905 C2 sun.java2d.SurfaceData.getSourceSurfaceData(Ljava/awt/Image;ILsun/java2d/loops/CompositeType;Ljava/awt/Color;)Lsun/java2d/SurfaceData; (110 bytes) @ 0x0000000002e8a59c [0x0000000002e8a480+0x11c]
J 1021 C1 sun.java2d.pipe.DrawImage.renderImageScale(Lsun/java2d/SunGraphics2D;Ljava/awt/Image;Ljava/awt/Color;IIIIIDDDD)Z (158 bytes) @ 0x0000000002eede24 [0x0000000002eedb00+0x324]
J 979 C1 sun.java2d.pipe.DrawImage.scaleImage(Lsun/java2d/SunGraphics2D;Ljava/awt/Image;IIIILjava/awt/Color;)Z (186 bytes) @ 0x0000000002ecc454 [0x0000000002ecbfc0+0x494]
J 978 C1 sun.java2d.pipe.DrawImage.scaleImage(Lsun/java2d/SunGraphics2D;Ljava/awt/Image;IIIILjava/awt/Color;Ljava/awt/image/ImageObserver;)Z (68 bytes) @ 0x0000000002ecb8e4 [0x0000000002ecb220+0x6c4]
J 977 C1 sun.java2d.pipe.ValidatePipe.scaleImage(Lsun/java2d/SunGraphics2D;Ljava/awt/Image;IIIILjava/awt/Color;Ljava/awt/image/ImageObserver;)Z (33 bytes) @ 0x0000000002ecab54 [0x0000000002eca740+0x414]
J 976 C1 sun.java2d.SunGraphics2D.drawImage(Ljava/awt/Image;IIIILjava/awt/Color;Ljava/awt/image/ImageObserver;)Z (196 bytes) @ 0x0000000002ec8e3c [0x0000000002ec8680+0x7bc]
J 975 C1 sun.java2d.SunGraphics2D.drawImage(Ljava/awt/Image;IIIILjava/awt/image/ImageObserver;)Z (15 bytes) @ 0x0000000002ec824c [0x0000000002ec8140+0x10c]
J 974 C1 DrawToScreen()V (28 bytes) @ 0x0000000002ec7adc [0x0000000002ec77a0+0x33c]
j  Main.GamePanel.run()V+27
j  java.lang.Thread.run()V+11
v  ~StubRoutines::call_stub

---------------  P R O C E S S  ---------------

Java Threads: ( => current thread )
  0x000000001a6a4000 JavaThread "Thread-0" daemon [_thread_in_native, id=7324, stack(0x000000001c030000,0x000000001c130000)]
  0x0000000002a70800 JavaThread "DestroyJavaVM" [_thread_blocked, id=4336, stack(0x0000000002890000,0x0000000002990000)]
=>0x0000000016d32000 JavaThread "Thread-2" [_thread_in_native, id=8616, stack(0x00000000195e0000,0x00000000196e0000)]
  0x0000000016d29000 JavaThread "AWT-EventQueue-0" [_thread_blocked, id=6992, stack(0x00000000194e0000,0x00000000195e0000)]
  0x0000000016ca2800 JavaThread "AWT-Shutdown" [_thread_blocked, id=1908, stack(0x0000000017650000,0x0000000017750000)]
  0x0000000016c87800 JavaThread "Java2D Disposer" daemon [_thread_blocked, id=4428, stack(0x0000000017550000,0x0000000017650000)]
  0x000000001519e000 JavaThread "Service Thread" daemon [_thread_blocked, id=2156, stack(0x0000000016d90000,0x0000000016e90000)]
  0x0000000015144000 JavaThread "C1 CompilerThread2" daemon [_thread_blocked, id=7740, stack(0x0000000016890000,0x0000000016990000)]
  0x0000000015140800 JavaThread "C2 CompilerThread1" daemon [_thread_blocked, id=9168, stack(0x0000000016790000,0x0000000016890000)]
  0x000000001513c800 JavaThread "C2 CompilerThread0" daemon [_thread_blocked, id=5620, stack(0x0000000016690000,0x0000000016790000)]
  0x000000001513b800 JavaThread "Attach Listener" daemon [_thread_blocked, id=8948, stack(0x0000000016590000,0x0000000016690000)]
  0x000000001513b000 JavaThread "Signal Dispatcher" daemon [_thread_blocked, id=864, stack(0x0000000016490000,0x0000000016590000)]
  0x0000000002b62800 JavaThread "Finalizer" daemon [_thread_blocked, id=6988, stack(0x0000000016390000,0x0000000016490000)]
  0x0000000002b5a000 JavaThread "Reference Handler" daemon [_thread_blocked, id=8280, stack(0x0000000016290000,0x0000000016390000)]

Other Threads:
  0x0000000015106000 VMThread [stack: 0x0000000016190000,0x0000000016290000] [id=1160]
  0x00000000169b4800 WatcherThread [stack: 0x0000000016e90000,0x0000000016f90000] [id=1952]

VM state:not at safepoint (normal execution)

VM Mutex/Monitor currently owned by a thread: None

Heap:
 PSYoungGen      total 7680K, used 3562K [0x00000000eb400000, 0x00000000ebe80000, 0x0000000100000000)
  eden space 6144K, 38% used [0x00000000eb400000,0x00000000eb650950,0x00000000eba00000)
  from space 1536K, 77% used [0x00000000ebc00000,0x00000000ebd29f08,0x00000000ebd80000)
  to   space 2048K, 0% used [0x00000000eba00000,0x00000000eba00000,0x00000000ebc00000)
 ParOldGen       total 64000K, used 2550K [0x00000000c1c00000, 0x00000000c5a80000, 0x00000000eb400000)
  object space 64000K, 3% used [0x00000000c1c00000,0x00000000c1e7d8e0,0x00000000c5a80000)
 Metaspace       used 9861K, capacity 10052K, committed 10240K, reserved 1058816K
  class space    used 1190K, capacity 1242K, committed 1280K, reserved 1048576K

Card table byte_map: [0x0000000011f30000,0x0000000012130000] byte_map_base: 0x0000000011922000

Marking Bits: (ParMarkBitMap*) 0x000000005a3a12b0
 Begin Bits: [0x0000000012680000, 0x0000000013610000)
 End Bits:   [0x0000000013610000, 0x00000000145a0000)

Polling page: 0x0000000001000000

CodeCache: size=245760Kb used=3602Kb max_used=3617Kb free=242157Kb
 bounds [0x0000000002b70000, 0x0000000002f00000, 0x0000000011b70000]
 total_blobs=1506 nmethods=1030 adapters=390
 compilation: enabled

Compilation events (10 events):
Event: 9.023 Thread 0x0000000015144000 1026       3       sun.java2d.d3d.D3DSwToSurfaceScale::Scale (32 bytes)
Event: 9.023 Thread 0x0000000015144000 nmethod 1026 0x0000000002eecb10 code [0x0000000002eecc80, 0x0000000002eece68]
Event: 9.023 Thread 0x0000000015144000 1027   !   3       sun.java2d.d3d.D3DBlitLoops::Blit (164 bytes)
Event: 9.025 Thread 0x0000000015144000 nmethod 1027 0x0000000002ef1e10 code [0x0000000002ef21a0, 0x0000000002ef4068]
Event: 9.025 Thread 0x0000000015144000 1028       3       sun.java2d.pipe.RenderQueue::addReference (12 bytes)
Event: 9.025 Thread 0x0000000015144000 nmethod 1028 0x0000000002eec6d0 code [0x0000000002eec840, 0x0000000002eeca68]
Event: 9.260 Thread 0x000000001513c800 1029       4       java.util.HashSet::add (20 bytes)
Event: 9.286 Thread 0x000000001513c800 nmethod 1029 0x0000000002efa110 code [0x0000000002efa3a0, 0x0000000002efb660]
Event: 9.821 Thread 0x0000000015144000 1030       1       java.security.AccessControlContext::getContext (5 bytes)
Event: 9.821 Thread 0x0000000015144000 nmethod 1030 0x0000000002ee8190 code [0x0000000002ee82e0, 0x0000000002ee83f0]

GC Heap History (10 events):
Event: 0.448 GC heap before
{Heap before GC invocations=6 (full 0):
 PSYoungGen      total 1536K, used 1535K [0x00000000eb400000, 0x00000000eb900000, 0x0000000100000000)
  eden space 1024K, 99% used [0x00000000eb400000,0x00000000eb4fff28,0x00000000eb500000)
  from space 512K, 100% used [0x00000000eb500000,0x00000000eb580000,0x00000000eb580000)
  to   space 1536K, 0% used [0x00000000eb780000,0x00000000eb780000,0x00000000eb900000)
 ParOldGen       total 64000K, used 1240K [0x00000000c1c00000, 0x00000000c5a80000, 0x00000000eb400000)
  object space 64000K, 1% used [0x00000000c1c00000,0x00000000c1d36080,0x00000000c5a80000)
 Metaspace       used 9133K, capacity 9278K, committed 9472K, reserved 1056768K
  class space    used 1115K, capacity 1177K, committed 1280K, reserved 1048576K
Event: 0.450 GC heap after
Heap after GC invocations=6 (full 0):
 PSYoungGen      total 3584K, used 1180K [0x00000000eb400000, 0x00000000eb900000, 0x0000000100000000)
  eden space 2048K, 0% used [0x00000000eb400000,0x00000000eb400000,0x00000000eb600000)
  from space 1536K, 76% used [0x00000000eb780000,0x00000000eb8a7378,0x00000000eb900000)
  to   space 1536K, 0% used [0x00000000eb600000,0x00000000eb600000,0x00000000eb780000)
 ParOldGen       total 64000K, used 1248K [0x00000000c1c00000, 0x00000000c5a80000, 0x00000000eb400000)
  object space 64000K, 1% used [0x00000000c1c00000,0x00000000c1d38080,0x00000000c5a80000)
 Metaspace       used 9133K, capacity 9278K, committed 9472K, reserved 1056768K
  class space    used 1115K, capacity 1177K, committed 1280K, reserved 1048576K
}
Event: 0.548 GC heap before
{Heap before GC invocations=7 (full 0):
 PSYoungGen      total 3584K, used 3228K [0x00000000eb400000, 0x00000000eb900000, 0x0000000100000000)
  eden space 2048K, 100% used [0x00000000eb400000,0x00000000eb600000,0x00000000eb600000)
  from space 1536K, 76% used [0x00000000eb780000,0x00000000eb8a7378,0x00000000eb900000)
  to   space 1536K, 0% used [0x00000000eb600000,0x00000000eb600000,0x00000000eb780000)
 ParOldGen       total 64000K, used 1248K [0x00000000c1c00000, 0x00000000c5a80000, 0x00000000eb400000)
  object space 64000K, 1% used [0x00000000c1c00000,0x00000000c1d38080,0x00000000c5a80000)
 Metaspace       used 9286K, capacity 9406K, committed 9728K, reserved 1058816K
  class space    used 1134K, capacity 1177K, committed 1280K, reserved 1048576K
Event: 0.550 GC heap after
Heap after GC invocations=7 (full 0):
 PSYoungGen      total 3584K, used 1117K [0x00000000eb400000, 0x00000000ebb00000, 0x0000000100000000)
  eden space 2048K, 0% used [0x00000000eb400000,0x00000000eb400000,0x00000000eb600000)
  from space 1536K, 72% used [0x00000000eb600000,0x00000000eb717508,0x00000000eb780000)
  to   space 1536K, 0% used [0x00000000eb980000,0x00000000eb980000,0x00000000ebb00000)
 ParOldGen       total 64000K, used 1444K [0x00000000c1c00000, 0x00000000c5a80000, 0x00000000eb400000)
  object space 64000K, 2% used [0x00000000c1c00000,0x00000000c1d690b0,0x00000000c5a80000)
 Metaspace       used 9286K, capacity 9406K, committed 9728K, reserved 1058816K
  class space    used 1134K, capacity 1177K, committed 1280K, reserved 1048576K
}
Event: 0.624 GC heap before
{Heap before GC invocations=8 (full 0):
 PSYoungGen      total 3584K, used 3165K [0x00000000eb400000, 0x00000000ebb00000, 0x0000000100000000)
  eden space 2048K, 100% used [0x00000000eb400000,0x00000000eb600000,0x00000000eb600000)
  from space 1536K, 72% used [0x00000000eb600000,0x00000000eb717508,0x00000000eb780000)
  to   space 1536K, 0% used [0x00000000eb980000,0x00000000eb980000,0x00000000ebb00000)
 ParOldGen       total 64000K, used 1444K [0x00000000c1c00000, 0x00000000c5a80000, 0x00000000eb400000)
  object space 64000K, 2% used [0x00000000c1c00000,0x00000000c1d690b0,0x00000000c5a80000)
 Metaspace       used 9345K, capacity 9470K, committed 9728K, reserved 1058816K
  class space    used 1135K, capacity 1177K, committed 1280K, reserved 1048576K
Event: 0.626 GC heap after
Heap after GC invocations=8 (full 0):
 PSYoungGen      total 5632K, used 1085K [0x00000000eb400000, 0x00000000ebb00000, 0x0000000100000000)
  eden space 4096K, 0% used [0x00000000eb400000,0x00000000eb400000,0x00000000eb800000)
  from space 1536K, 70% used [0x00000000eb980000,0x00000000eba8f508,0x00000000ebb00000)
  to   space 1536K, 0% used [0x00000000eb800000,0x00000000eb800000,0x00000000eb980000)
 ParOldGen       total 64000K, used 1584K [0x00000000c1c00000, 0x00000000c5a80000, 0x00000000eb400000)
  object space 64000K, 2% used [0x00000000c1c00000,0x00000000c1d8c3d8,0x00000000c5a80000)
 Metaspace       used 9345K, capacity 9470K, committed 9728K, reserved 1058816K
  class space    used 1135K, capacity 1177K, committed 1280K, reserved 1048576K
}
Event: 0.703 GC heap before
{Heap before GC invocations=9 (full 0):
 PSYoungGen      total 5632K, used 5181K [0x00000000eb400000, 0x00000000ebb00000, 0x0000000100000000)
  eden space 4096K, 100% used [0x00000000eb400000,0x00000000eb800000,0x00000000eb800000)
  from space 1536K, 70% used [0x00000000eb980000,0x00000000eba8f508,0x00000000ebb00000)
  to   space 1536K, 0% used [0x00000000eb800000,0x00000000eb800000,0x00000000eb980000)
 ParOldGen       total 64000K, used 1584K [0x00000000c1c00000, 0x00000000c5a80000, 0x00000000eb400000)
  object space 64000K, 2% used [0x00000000c1c00000,0x00000000c1d8c3d8,0x00000000c5a80000)
 Metaspace       used 9399K, capacity 9534K, committed 9728K, reserved 1058816K
  class space    used 1138K, capacity 1177K, committed 1280K, reserved 1048576K
Event: 0.705 GC heap after
Heap after GC invocations=9 (full 0):
 PSYoungGen      total 5632K, used 1056K [0x00000000eb400000, 0x00000000ebd80000, 0x0000000100000000)
  eden space 4096K, 0% used [0x00000000eb400000,0x00000000eb400000,0x00000000eb800000)
  from space 1536K, 68% used [0x00000000eb800000,0x00000000eb908000,0x00000000eb980000)
  to   space 1536K, 0% used [0x00000000ebc00000,0x00000000ebc00000,0x00000000ebd80000)
 ParOldGen       total 64000K, used 2182K [0x00000000c1c00000, 0x00000000c5a80000, 0x00000000eb400000)
  object space 64000K, 3% used [0x00000000c1c00000,0x00000000c1e218e0,0x00000000c5a80000)
 Metaspace       used 9399K, capacity 9534K, committed 9728K, reserved 1058816K
  class space    used 1138K, capacity 1177K, committed 1280K, reserved 1048576K
}
Event: 1.401 GC heap before
{Heap before GC invocations=10 (full 0):
 PSYoungGen      total 5632K, used 5148K [0x00000000eb400000, 0x00000000ebd80000, 0x0000000100000000)
  eden space 4096K, 99% used [0x00000000eb400000,0x00000000eb7ff020,0x00000000eb800000)
  from space 1536K, 68% used [0x00000000eb800000,0x00000000eb908000,0x00000000eb980000)
  to   space 1536K, 0% used [0x00000000ebc00000,0x00000000ebc00000,0x00000000ebd80000)
 ParOldGen       total 64000K, used 2182K [0x00000000c1c00000, 0x00000000c5a80000, 0x00000000eb400000)
  object space 64000K, 3% used [0x00000000c1c00000,0x00000000c1e218e0,0x00000000c5a80000)
 Metaspace       used 9520K, capacity 9630K, committed 9728K, reserved 1058816K
  class space    used 1151K, capacity 1209K, committed 1280K, reserved 1048576K
Event: 1.405 GC heap after
Heap after GC invocations=10 (full 0):
 PSYoungGen      total 7680K, used 1191K [0x00000000eb400000, 0x00000000ebe80000, 0x0000000100000000)
  eden space 6144K, 0% used [0x00000000eb400000,0x00000000eb400000,0x00000000eba00000)
  from space 1536K, 77% used [0x00000000ebc00000,0x00000000ebd29f08,0x00000000ebd80000)
  to   space 2048K, 0% used [0x00000000eba00000,0x00000000eba00000,0x00000000ebc00000)
 ParOldGen       total 64000K, used 2550K [0x00000000c1c00000, 0x00000000c5a80000, 0x00000000eb400000)
  object space 64000K, 3% used [0x00000000c1c00000,0x00000000c1e7d8e0,0x00000000c5a80000)
 Metaspace       used 9520K, capacity 9630K, committed 9728K, reserved 1058816K
  class space    used 1151K, capacity 1209K, committed 1280K, reserved 1048576K
}

Deoptimization events (8 events):
Event: 0.451 Thread 0x0000000016d32000 Uncommon trap: reason=class_check action=maybe_recompile pc=0x0000000002d4a7cc method=com.sun.imageio.plugins.gif.GIFImageReader.getCode(II)I @ 92
Event: 0.451 Thread 0x0000000016d32000 Uncommon trap: reason=class_check action=maybe_recompile pc=0x0000000002d4a7cc method=com.sun.imageio.plugins.gif.GIFImageReader.getCode(II)I @ 92
Event: 0.451 Thread 0x0000000016d32000 Uncommon trap: reason=class_check action=maybe_recompile pc=0x0000000002d4a7cc method=com.sun.imageio.plugins.gif.GIFImageReader.getCode(II)I @ 92
Event: 0.451 Thread 0x0000000016d32000 Uncommon trap: reason=class_check action=maybe_recompile pc=0x0000000002d4a7cc method=com.sun.imageio.plugins.gif.GIFImageReader.getCode(II)I @ 92
Event: 0.683 Thread 0x0000000016d32000 Uncommon trap: reason=unloaded action=reinterpret pc=0x0000000002d6fb18 method=java.lang.CharacterData.of(I)Ljava/lang/CharacterData; @ 96
Event: 1.373 Thread 0x0000000016d29000 Uncommon trap: reason=unreached action=reinterpret pc=0x0000000002dcd0e0 method=java.lang.ThreadLocal$ThreadLocalMap.getEntry(Ljava/lang/ThreadLocal;)Ljava/lang/ThreadLocal$ThreadLocalMap$Entry; @ 21
Event: 1.376 Thread 0x0000000016d29000 Uncommon trap: reason=class_check action=maybe_recompile pc=0x0000000002d56750 method=com.sun.imageio.plugins.gif.GIFImageReader.getCode(II)I @ 92
Event: 7.205 Thread 0x0000000016d32000 Uncommon trap: reason=unreached action=reinterpret pc=0x0000000002e88d28 method=sun.java2d.loops.RenderCache.get(Lsun/java2d/loops/SurfaceType;Lsun/java2d/loops/CompositeType;Lsun/java2d/loops/SurfaceType;)Ljava/lang/Object; @ 29

Internal exceptions (10 events):
Event: 0.414 Thread 0x0000000016d32000 Exception <a 'java/security/PrivilegedActionException'> (0x00000000eb464a60) thrown at [C:\re\workspace\8-2-build-windows-amd64-cygwin\jdk8u11\648\hotspot\src\share\vm\prims\jvm.cpp, line 1248]
Event: 0.427 Thread 0x0000000016d32000 Exception <a 'java/security/PrivilegedActionException'> (0x00000000eb488000) thrown at [C:\re\workspace\8-2-build-windows-amd64-cygwin\jdk8u11\648\hotspot\src\share\vm\prims\jvm.cpp, line 1248]
Event: 0.442 Thread 0x0000000016d32000 Exception <a 'java/security/PrivilegedActionException'> (0x00000000eb4ce0d0) thrown at [C:\re\workspace\8-2-build-windows-amd64-cygwin\jdk8u11\648\hotspot\src\share\vm\prims\jvm.cpp, line 1248]
Event: 0.444 Thread 0x0000000016d32000 Exception <a 'java/security/PrivilegedActionException'> (0x00000000eb4d02a0) thrown at [C:\re\workspace\8-2-build-windows-amd64-cygwin\jdk8u11\648\hotspot\src\share\vm\prims\jvm.cpp, line 1248]
Event: 0.445 Thread 0x0000000016d32000 Exception <a 'java/security/PrivilegedActionException'> (0x00000000eb4d7270) thrown at [C:\re\workspace\8-2-build-windows-amd64-cygwin\jdk8u11\648\hotspot\src\share\vm\prims\jvm.cpp, line 1248]
Event: 0.457 Thread 0x0000000016d32000 Exception <a 'java/security/PrivilegedActionException'> (0x00000000eb403500) thrown at [C:\re\workspace\8-2-build-windows-amd64-cygwin\jdk8u11\648\hotspot\src\share\vm\prims\jvm.cpp, line 1248]
Event: 0.460 Thread 0x0000000016d32000 Exception <a 'java/security/PrivilegedActionException'> (0x00000000eb405500) thrown at [C:\re\workspace\8-2-build-windows-amd64-cygwin\jdk8u11\648\hotspot\src\share\vm\prims\jvm.cpp, line 1248]
Event: 0.481 Thread 0x0000000016d32000 Exception <a 'java/security/PrivilegedActionException'> (0x00000000eb467470) thrown at [C:\re\workspace\8-2-build-windows-amd64-cygwin\jdk8u11\648\hotspot\src\share\vm\prims\jvm.cpp, line 1248]
Event: 1.373 Thread 0x0000000016d29000 Implicit null exception at 0x0000000002dcd04c to 0x0000000002dcd0c1
Event: 7.205 Thread 0x0000000016d32000 Implicit null exception at 0x0000000002e888e4 to 0x0000000002e88d11

Events (10 events):
Event: 9.822 loading class java/util/WeakHashMap$KeyIterator
Event: 9.822 Thread 0x000000001a6a4000 Thread added: 0x000000001a6a4000
Event: 9.822 Thread 0x000000001a6a3800 Thread exited: 0x000000001a6a3800
Event: 9.822 loading class java/util/WeakHashMap$HashIterator
Event: 9.822 Thread 0x0000000016d77800 Thread exited: 0x0000000016d77800
Event: 9.822 loading class java/util/WeakHashMap$HashIterator done
Event: 9.822 loading class java/util/WeakHashMap$KeyIterator done
Event: 9.822 Thread 0x000000001a6c7800 Thread exited: 0x000000001a6c7800
Event: 9.822 loading class sun/java2d/pipe/hw/AccelDeviceEventNotifier
Event: 9.822 loading class sun/java2d/pipe/hw/AccelDeviceEventNotifier done


Dynamic libraries:
0x00007ff7e6d10000 - 0x00007ff7e6d44000 	C:\Program Files\Java\jre8\bin\javaw.exe
0x00007ffcc4210000 - 0x00007ffcc43ba000 	C:\WINDOWS\SYSTEM32\ntdll.dll
0x00007ffcc3e70000 - 0x00007ffcc3faa000 	C:\WINDOWS\system32\KERNEL32.DLL
0x00007ffcc1650000 - 0x00007ffcc175f000 	C:\WINDOWS\system32\KERNELBASE.dll
0x00007ffcc01b0000 - 0x00007ffcc0238000 	C:\WINDOWS\system32\apphelp.dll
0x00007ffcbd000000 - 0x00007ffcbd04f000 	C:\WINDOWS\AppPatch\AppPatch64\AcGenral.DLL
0x00007ffcc38d0000 - 0x00007ffcc3977000 	C:\WINDOWS\system32\msvcrt.dll
0x00007ffcc13c0000 - 0x00007ffcc13eb000 	C:\WINDOWS\SYSTEM32\SspiCli.dll
0x00007ffcc3870000 - 0x00007ffcc38c1000 	C:\WINDOWS\system32\SHLWAPI.dll
0x00007ffcc3b00000 - 0x00007ffcc3c71000 	C:\WINDOWS\system32\USER32.dll
0x00007ffcc3980000 - 0x00007ffcc3af8000 	C:\WINDOWS\system32\ole32.dll
0x00007ffcc2250000 - 0x00007ffcc3670000 	C:\WINDOWS\system32\SHELL32.dll
0x00007ffcc0cf0000 - 0x00007ffcc0d0e000 	C:\WINDOWS\SYSTEM32\USERENV.dll
0x00007ffcc3dc0000 - 0x00007ffcc3e65000 	C:\WINDOWS\system32\ADVAPI32.dll
0x00007ffcb16f0000 - 0x00007ffcb170b000 	C:\WINDOWS\SYSTEM32\MPR.dll
0x00007ffcc3c80000 - 0x00007ffcc3db7000 	C:\WINDOWS\system32\RPCRT4.dll
0x00007ffcc1b60000 - 0x00007ffcc1bb7000 	C:\WINDOWS\SYSTEM32\sechost.dll
0x00007ffcc2070000 - 0x00007ffcc2246000 	C:\WINDOWS\SYSTEM32\combase.dll
0x00007ffcc1d40000 - 0x00007ffcc1e84000 	C:\WINDOWS\system32\GDI32.dll
0x00007ffcc1580000 - 0x00007ffcc1594000 	C:\WINDOWS\SYSTEM32\profapi.dll
0x00007ffcbf9d0000 - 0x00007ffcbfa6f000 	C:\WINDOWS\SYSTEM32\SHCORE.dll
0x00007ffcc3670000 - 0x00007ffcc36a4000 	C:\WINDOWS\system32\IMM32.DLL
0x00007ffcc36c0000 - 0x00007ffcc37f9000 	C:\WINDOWS\system32\MSCTF.dll
0x00007ffcbe420000 - 0x00007ffcbe67a000 	C:\WINDOWS\WinSxS\amd64_microsoft.windows.common-controls_6595b64144ccf1df_6.0.9600.17031_none_6242a4b3ecbb55a1\COMCTL32.dll
0x000000005a420000 - 0x000000005a4f2000 	C:\Program Files\Java\jre8\bin\msvcr100.dll
0x0000000059bf0000 - 0x000000005a41a000 	C:\Program Files\Java\jre8\bin\server\jvm.dll
0x00007ffca0670000 - 0x00007ffca0679000 	C:\WINDOWS\SYSTEM32\WSOCK32.dll
0x00007ffcada50000 - 0x00007ffcada6f000 	C:\WINDOWS\SYSTEM32\WINMM.dll
0x00007ffcc4150000 - 0x00007ffcc4157000 	C:\WINDOWS\system32\PSAPI.DLL
0x00007ffcc3810000 - 0x00007ffcc3868000 	C:\WINDOWS\system32\WS2_32.dll
0x00007ffcada20000 - 0x00007ffcada4a000 	C:\WINDOWS\SYSTEM32\WINMMBASE.dll
0x00007ffcc3800000 - 0x00007ffcc3809000 	C:\WINDOWS\system32\NSI.dll
0x00007ffcc17b0000 - 0x00007ffcc17fa000 	C:\WINDOWS\SYSTEM32\cfgmgr32.dll
0x00007ffcc0400000 - 0x00007ffcc0426000 	C:\WINDOWS\SYSTEM32\DEVOBJ.dll
0x0000000059be0000 - 0x0000000059bef000 	C:\Program Files\Java\jre8\bin\verify.dll
0x0000000059bb0000 - 0x0000000059bd8000 	C:\Program Files\Java\jre8\bin\java.dll
0x0000000059b90000 - 0x0000000059ba6000 	C:\Program Files\Java\jre8\bin\zip.dll
0x0000000059930000 - 0x0000000059ac6000 	C:\Program Files\Java\jre8\bin\awt.dll
0x00007ffcc1bc0000 - 0x00007ffcc1c77000 	C:\WINDOWS\system32\OLEAUT32.dll
0x00007ffcbf800000 - 0x00007ffcbf820000 	C:\WINDOWS\system32\DWMAPI.DLL
0x00007ffcc0280000 - 0x00007ffcc03a1000 	C:\WINDOWS\system32\uxtheme.dll
0x00007ffcadca0000 - 0x00007ffcadd38000 	C:\Program Files\Common Files\microsoft shared\ink\tiptsf.dll
0x00007ffcc0630000 - 0x00007ffcc063a000 	C:\WINDOWS\SYSTEM32\kernel.appcore.dll
0x00007ffcc1450000 - 0x00007ffcc145a000 	C:\WINDOWS\SYSTEM32\CRYPTBASE.dll
0x00007ffcc13f0000 - 0x00007ffcc1450000 	C:\WINDOWS\SYSTEM32\bcryptPrimitives.dll
0x00000000598e0000 - 0x0000000059927000 	C:\Program Files\Java\jre8\bin\fontmanager.dll
0x00007ffcbd130000 - 0x00007ffcbd193000 	C:\WINDOWS\SYSTEM32\oleacc.dll
0x00007ffcc12d0000 - 0x00007ffcc12ee000 	C:\WINDOWS\SYSTEM32\CRYPTSP.dll
0x00007ffcc0af0000 - 0x00007ffcc0b25000 	C:\WINDOWS\system32\rsaenh.dll
0x00007ffcc12a0000 - 0x00007ffcc12c6000 	C:\WINDOWS\SYSTEM32\bcrypt.dll
0x0000000059b70000 - 0x0000000059b8a000 	C:\Program Files\Java\jre8\bin\net.dll
0x00007ffcc0e30000 - 0x00007ffcc0e88000 	C:\WINDOWS\system32\mswsock.dll
0x00007ffcbbc00000 - 0x00007ffcbbc29000 	C:\WINDOWS\SYSTEM32\IPHLPAPI.DLL
0x00007ffcbbbf0000 - 0x00007ffcbbbfa000 	C:\WINDOWS\SYSTEM32\WINNSI.DLL
0x00007ffcbb380000 - 0x00007ffcbb394000 	C:\WINDOWS\SYSTEM32\dhcpcsvc6.DLL
0x00007ffcbb570000 - 0x00007ffcbb589000 	C:\WINDOWS\SYSTEM32\dhcpcsvc.DLL
0x0000000059b50000 - 0x0000000059b61000 	C:\Program Files\Java\jre8\bin\nio.dll
0x00007ffcc1ab0000 - 0x00007ffcc1b54000 	C:\WINDOWS\SYSTEM32\clbcatq.dll
0x0000000059890000 - 0x00000000598d1000 	C:\Program Files\Java\jre8\bin\t2k.dll
0x00007ffcbd900000 - 0x00007ffcbda88000 	C:\WINDOWS\SYSTEM32\dbghelp.dll

VM Arguments:
jvm_args: -Dfile.encoding=Cp1252 
java_command: Main.Game
java_class_path (initial): C:\Users\Test\Documents\Dragon Tale\bin
Launcher Type: SUN_STANDARD

Environment Variables:
PATH=C:\Program Files (x86)\Intel\iCLS Client\;C:\Program Files\Intel\iCLS Client\;C:\WINDOWS\system32;C:\WINDOWS;C:\WINDOWS\System32\Wbem;C:\WINDOWS\System32\WindowsPowerShell\v1.0\;C:\Program Files (x86)\Windows Live\Shared;C:\Program Files\Intel\Intel(R) Management Engine Components\DAL;C:\Program Files\Intel\Intel(R) Management Engine Components\IPT;C:\Program Files (x86)\Intel\Intel(R) Management Engine Components\DAL;C:\Program Files (x86)\Intel\Intel(R) Management Engine Components\IPT;C:\Program Files (x86)\Intel\OpenCL SDK\2.0\bin\x86;C:\Program Files (x86)\Intel\OpenCL SDK\2.0\bin\x64;C:\Program Files (x86)\Windows Kits\8.1\Windows Performance Toolkit\;C:\Program Files\Microsoft SQL Server\110\Tools\Binn\;C:\Program Files\Java\jdk1.7.0_51\bin
USERNAME=Test
OS=Windows_NT
PROCESSOR_IDENTIFIER=Intel64 Family 6 Model 58 Stepping 9, GenuineIntel



---------------  S Y S T E M  ---------------

OS: Windows 8.1 , 64 bit Build 9600 

CPU:total 4 (2 cores per cpu, 2 threads per core) family 6 model 58 stepping 9, cmov, cx8, fxsr, mmx, sse, sse2, sse3, ssse3, sse4.1, sse4.2, popcnt, avx, aes, clmul, erms, ht, tsc, tscinvbit

Memory: 4k page, physical 4077484k(915020k free), swap 7623948k(1275424k free)

vm_info: Java HotSpot(TM) 64-Bit Server VM (25.11-b03) for windows-amd64 JRE (1.8.0_11-b12), built on Jun 16 2014 20:57:32 by "java_re" with MS VC++ 10.0 (VS2010)

time: Sat Aug 23 18:33:11 2014
elapsed time: 9 seconds

